c:\users\carl\desktop\rtr\dx11_cs3s664_tutorial_17_part1 - sln\debug\dx11proj.pch
c:\users\carl\desktop\rtr\dx11_cs3s664_tutorial_17_part1 - sln\debug\vc120.pdb
c:\users\carl\desktop\rtr\dx11_cs3s664_tutorial_17_part1 - sln\debug\vc120.idb
c:\users\carl\desktop\rtr\dx11_cs3s664_tutorial_17_part1 - sln\debug\stdafx.obj
c:\users\carl\desktop\rtr\dx11_cs3s664_tutorial_17_part1 - sln\debug\animation.obj
c:\users\carl\desktop\rtr\dx11_cs3s664_tutorial_17_part1 - sln\debug\basemodel.obj
c:\users\carl\desktop\rtr\dx11_cs3s664_tutorial_17_part1 - sln\debug\box.obj
c:\users\carl\desktop\rtr\dx11_cs3s664_tutorial_17_part1 - sln\debug\camera.obj
c:\users\carl\desktop\rtr\dx11_cs3s664_tutorial_17_part1 - sln\debug\effect.obj
c:\users\carl\desktop\rtr\dx11_cs3s664_tutorial_17_part1 - sln\debug\cgdconsole.obj
c:\users\carl\desktop\rtr\dx11_cs3s664_tutorial_17_part1 - sln\debug\model.obj
c:\users\carl\desktop\rtr\dx11_cs3s664_tutorial_17_part1 - sln\debug\scene.obj
c:\users\carl\desktop\rtr\dx11_cs3s664_tutorial_17_part1 - sln\debug\system.obj
c:\users\carl\desktop\rtr\dx11_cs3s664_tutorial_17_part1 - sln\debug\cgdclock.obj
c:\users\carl\desktop\rtr\dx11_cs3s664_tutorial_17_part1 - sln\debug\gumemory.obj
c:\users\carl\desktop\rtr\dx11_cs3s664_tutorial_17_part1 - sln\debug\main.obj
c:\users\carl\desktop\rtr\dx11_cs3s664_tutorial_17_part1 - sln\debug\material.obj
c:\users\carl\desktop\rtr\dx11_cs3s664_tutorial_17_part1 - sln\debug\mesh.obj
c:\users\carl\desktop\rtr\dx11_cs3s664_tutorial_17_part1 - sln\debug\texture.obj
c:\users\carl\desktop\rtr\dx11_cs3s664_tutorial_17_part1 - sln\debug\triangle.obj
c:\users\carl\desktop\rtr\dx11_cs3s664_tutorial_17_part1 - sln\debug\utils.obj
c:\users\carl\desktop\rtr\dx11_cs3s664_tutorial_17_part1 - sln\debug\grid.obj
c:\users\carl\desktop\rtr\dx11_cs3s664_tutorial_17_part1 - sln\debug\ocean.obj
c:\users\carl\desktop\rtr\dx11_cs3s664_tutorial_20-start\debug\dx11proj.pch
c:\users\carl\desktop\rtr\dx11_cs3s664_tutorial_20-start\debug\vc120.pdb
c:\users\carl\desktop\rtr\dx11_cs3s664_tutorial_20-start\debug\vc120.idb
c:\users\carl\desktop\rtr\dx11_cs3s664_tutorial_20-start\debug\stdafx.obj
c:\users\carl\desktop\rtr\dx11_cs3s664_tutorial_20-start\debug\animation.obj
c:\users\carl\desktop\rtr\dx11_cs3s664_tutorial_20-start\debug\basemodel.obj
c:\users\carl\desktop\rtr\dx11_cs3s664_tutorial_20-start\debug\box.obj
c:\users\carl\desktop\rtr\dx11_cs3s664_tutorial_20-start\debug\camera.obj
c:\users\carl\desktop\rtr\dx11_cs3s664_tutorial_20-start\debug\effect.obj
c:\users\carl\desktop\rtr\dx11_cs3s664_tutorial_20-start\debug\cgdconsole.obj
c:\users\carl\desktop\rtr\dx11_cs3s664_tutorial_20-start\debug\grid.obj
c:\users\carl\desktop\rtr\dx11_cs3s664_tutorial_20-start\debug\model.obj
c:\users\carl\desktop\rtr\dx11_cs3s664_tutorial_20-start\debug\ocean.obj
c:\users\carl\desktop\rtr\dx11_cs3s664_tutorial_20-start\debug\system.obj
c:\users\carl\desktop\rtr\dx11_cs3s664_tutorial_20-start\debug\cgdclock.obj
c:\users\carl\desktop\rtr\dx11_cs3s664_tutorial_20-start\debug\gumemory.obj
c:\users\carl\desktop\rtr\dx11_cs3s664_tutorial_20-start\debug\main.obj
c:\users\carl\desktop\rtr\dx11_cs3s664_tutorial_20-start\debug\material.obj
c:\users\carl\desktop\rtr\dx11_cs3s664_tutorial_20-start\debug\mesh.obj
c:\users\carl\desktop\rtr\dx11_cs3s664_tutorial_20-start\debug\texture.obj
c:\users\carl\desktop\rtr\dx11_cs3s664_tutorial_20-start\debug\triangle.obj
c:\users\carl\desktop\rtr\dx11_cs3s664_tutorial_20-start\debug\utils.obj
c:\users\carl\desktop\rtr\dx11_cs3s664_tutorial_20-start\debug\scene.obj
c:\users\carl\desktop\rtr\dx11_cs3s664_tutorial_20-start - part2\debug\dx11proj.pch
c:\users\carl\desktop\rtr\dx11_cs3s664_tutorial_20-start - part2\debug\vc120.pdb
c:\users\carl\desktop\rtr\dx11_cs3s664_tutorial_20-start - part2\debug\vc120.idb
c:\users\carl\desktop\rtr\dx11_cs3s664_tutorial_20-start - part2\debug\stdafx.obj
c:\users\carl\desktop\rtr\dx11_cs3s664_tutorial_20-start - part2\debug\basemodel.obj
c:\users\carl\desktop\rtr\dx11_cs3s664_tutorial_20-start - part2\debug\box.obj
c:\users\carl\desktop\rtr\dx11_cs3s664_tutorial_20-start - part2\debug\camera.obj
c:\users\carl\desktop\rtr\dx11_cs3s664_tutorial_20-start - part2\debug\effect.obj
c:\users\carl\desktop\rtr\dx11_cs3s664_tutorial_20-start - part2\debug\cgdconsole.obj
c:\users\carl\desktop\rtr\dx11_cs3s664_tutorial_20-start - part2\debug\flare.obj
c:\users\carl\desktop\rtr\dx11_cs3s664_tutorial_20-start - part2\debug\grid.obj
c:\users\carl\desktop\rtr\dx11_cs3s664_tutorial_20-start - part2\debug\model.obj
c:\users\carl\desktop\rtr\dx11_cs3s664_tutorial_20-start - part2\debug\ocean.obj
c:\users\carl\desktop\rtr\dx11_cs3s664_tutorial_20-start - part2\debug\scene.obj
c:\users\carl\desktop\rtr\dx11_cs3s664_tutorial_20-start - part2\debug\system.obj
c:\users\carl\desktop\rtr\dx11_cs3s664_tutorial_20-start - part2\debug\cgdclock.obj
c:\users\carl\desktop\rtr\dx11_cs3s664_tutorial_20-start - part2\debug\gumemory.obj
c:\users\carl\desktop\rtr\dx11_cs3s664_tutorial_20-start - part2\debug\main.obj
c:\users\carl\desktop\rtr\dx11_cs3s664_tutorial_20-start - part2\debug\material.obj
c:\users\carl\desktop\rtr\dx11_cs3s664_tutorial_20-start - part2\debug\mesh.obj
c:\users\carl\desktop\rtr\dx11_cs3s664_tutorial_20-start - part2\debug\texture.obj
c:\users\carl\desktop\rtr\dx11_cs3s664_tutorial_20-start - part2\debug\triangle.obj
c:\users\carl\desktop\rtr\dx11_cs3s664_tutorial_20-start - part2\debug\utils.obj
c:\users\carl\desktop\rtr\dx11_cs3s664_tutorial_20-start - part2\debug\animation.obj
c:\users\carl\desktop\rtr\dx11_cs3s664_tutorial_20-start - part2\debug\blurutility.obj
c:\users\carl\desktop\rtr\dx11_cs3s664_tutorial_20-start - part2\debug\quad.obj
c:\users\carl\desktop\rtr\dx11_cs3s664_tutorial_20-start\debug\blurutility.obj
c:\users\carl\desktop\rtr\dx11_cs3s664_tutorial_20-start\debug\quad.obj
c:\users\carl\desktop\rtr\dx11_cs3s664_tutorial_20-start\debug\flare.obj
c:\users\carl\desktop\rtr\dx11_cs3s664_tutorial_17_part1 - sln\shaders\cso\basic_colour_ps.cso
c:\users\carl\desktop\rtr\dx11_cs3s664_tutorial_17_part1 - sln\shaders\cso\basic_colour_vs.cso
c:\users\carl\desktop\rtr\dx11_cs3s664_tutorial_17_part1 - sln\shaders\cso\basic_lighting_vs.cso
c:\users\carl\desktop\rtr\dx11_cs3s664_tutorial_17_part1 - sln\shaders\cso\basic_texture_ps.cso
c:\users\carl\desktop\rtr\dx11_cs3s664_tutorial_17_part1 - sln\shaders\cso\basic_texture_vs.cso
c:\users\carl\desktop\rtr\dx11_cs3s664_tutorial_17_part1 - sln\shaders\cso\ocean_ps.cso
c:\users\carl\desktop\rtr\dx11_cs3s664_tutorial_17_part1 - sln\shaders\cso\ocean_vs.cso
c:\users\carl\desktop\rtr\dx11_cs3s664_tutorial_17_part1 - sln\shaders\cso\per_pixel_lighting_ps.cso
c:\users\carl\desktop\rtr\dx11_cs3s664_tutorial_17_part1 - sln\shaders\cso\per_pixel_lighting_vs.cso
c:\users\carl\desktop\rtr\dx11_cs3s664_tutorial_17_part1 - sln\shaders\cso\reflection_map_ps.cso
c:\users\carl\desktop\rtr\dx11_cs3s664_tutorial_17_part1 - sln\shaders\cso\reflection_map_vs.cso
c:\users\carl\desktop\rtr\dx11_cs3s664_tutorial_17_part1 - sln\shaders\cso\sky_box_ps.cso
c:\users\carl\desktop\rtr\dx11_cs3s664_tutorial_17_part1 - sln\shaders\cso\sky_box_vs.cso
c:\users\carl\desktop\rtr\dx11_cs3s664_tutorial_20-start\shaders\cso\basic_colour_ps.cso
c:\users\carl\desktop\rtr\dx11_cs3s664_tutorial_20-start\shaders\cso\basic_colour_vs.cso
c:\users\carl\desktop\rtr\dx11_cs3s664_tutorial_20-start\shaders\cso\basic_lighting_vs.cso
c:\users\carl\desktop\rtr\dx11_cs3s664_tutorial_20-start\shaders\cso\basic_texture_ps.cso
c:\users\carl\desktop\rtr\dx11_cs3s664_tutorial_20-start\shaders\cso\basic_texture_vs.cso
c:\users\carl\desktop\rtr\dx11_cs3s664_tutorial_20-start\shaders\cso\flare_ps.cso
c:\users\carl\desktop\rtr\dx11_cs3s664_tutorial_20-start\shaders\cso\flare_vs.cso
c:\users\carl\desktop\rtr\dx11_cs3s664_tutorial_20-start\shaders\cso\per_pixel_lighting_ps.cso
c:\users\carl\desktop\rtr\dx11_cs3s664_tutorial_20-start\shaders\cso\per_pixel_lighting_vs.cso
c:\users\carl\desktop\rtr\dx11_cs3s664_tutorial_20-start\shaders\cso\reflection_map_ps.cso
c:\users\carl\desktop\rtr\dx11_cs3s664_tutorial_20-start\shaders\cso\reflection_map_vs.cso
c:\users\carl\desktop\rtr\dx11_cs3s664_tutorial_20-start\shaders\cso\sky_box_ps.cso
c:\users\carl\desktop\rtr\dx11_cs3s664_tutorial_20-start\shaders\cso\sky_box_vs.cso
c:\users\carl\desktop\rtr\dx11_cs3s664_tutorial_20-start - part2\shaders\cso\basic_colour_ps.cso
c:\users\carl\desktop\rtr\dx11_cs3s664_tutorial_20-start - part2\shaders\cso\basic_colour_vs.cso
c:\users\carl\desktop\rtr\dx11_cs3s664_tutorial_20-start - part2\shaders\cso\basic_lighting_vs.cso
c:\users\carl\desktop\rtr\dx11_cs3s664_tutorial_20-start - part2\shaders\cso\basic_texture_ps.cso
c:\users\carl\desktop\rtr\dx11_cs3s664_tutorial_20-start - part2\shaders\cso\basic_texture_vs.cso
c:\users\carl\desktop\rtr\dx11_cs3s664_tutorial_20-start - part2\shaders\cso\convolve_u_ps.cso
c:\users\carl\desktop\rtr\dx11_cs3s664_tutorial_20-start - part2\shaders\cso\convolve_v_ps.cso
c:\users\carl\desktop\rtr\dx11_cs3s664_tutorial_20-start - part2\shaders\cso\copy_depth_ps.cso
c:\users\carl\desktop\rtr\dx11_cs3s664_tutorial_20-start - part2\shaders\cso\copy_ps.cso
c:\users\carl\desktop\rtr\dx11_cs3s664_tutorial_20-start - part2\shaders\cso\emissive_ps.cso
c:\users\carl\desktop\rtr\dx11_cs3s664_tutorial_20-start - part2\shaders\cso\flare_ps.cso
c:\users\carl\desktop\rtr\dx11_cs3s664_tutorial_20-start - part2\shaders\cso\flare_vs.cso
c:\users\carl\desktop\rtr\dx11_cs3s664_tutorial_20-start - part2\shaders\cso\per_pixel_lighting_ps.cso
c:\users\carl\desktop\rtr\dx11_cs3s664_tutorial_20-start - part2\shaders\cso\per_pixel_lighting_vs.cso
c:\users\carl\desktop\rtr\dx11_cs3s664_tutorial_20-start - part2\shaders\cso\reflection_map_ps.cso
c:\users\carl\desktop\rtr\dx11_cs3s664_tutorial_20-start - part2\shaders\cso\reflection_map_vs.cso
c:\users\carl\desktop\rtr\dx11_cs3s664_tutorial_20-start - part2\shaders\cso\sky_box_ps.cso
c:\users\carl\desktop\rtr\dx11_cs3s664_tutorial_20-start - part2\shaders\cso\sky_box_vs.cso
c:\users\carl\desktop\rtr\dx11_cs3s664_tutorial_20-start - part2\shaders\cso\screen_quad_vs.cso
c:\users\carl\desktop\rtr\dx11_cs3s664_tutorial_20-start\shaders\cso\convolve_u_ps.cso
c:\users\carl\desktop\rtr\dx11_cs3s664_tutorial_20-start\shaders\cso\convolve_v_ps.cso
c:\users\carl\desktop\rtr\dx11_cs3s664_tutorial_20-start\shaders\cso\copy_depth_ps.cso
c:\users\carl\desktop\rtr\dx11_cs3s664_tutorial_20-start\shaders\cso\copy_ps.cso
c:\users\carl\desktop\rtr\dx11_cs3s664_tutorial_20-start\shaders\cso\emissive_ps.cso
c:\users\carl\desktop\rtr\dx11_cs3s664_tutorial_20-start\shaders\cso\screen_quad_vs.cso
c:\users\carl\desktop\rtr\dx11_cs3s664_tutorial_17_part1 - sln\debug\dx11proj.ilk
c:\users\carl\desktop\rtr\dx11_cs3s664_tutorial_17_part1 - sln\debug\dx11proj.exe
c:\users\carl\desktop\rtr\dx11_cs3s664_tutorial_17_part1 - sln\debug\dx11proj.pdb
c:\users\carl\desktop\rtr\dx11_cs3s664_tutorial_20-start\debug\dx11proj.ilk
c:\users\carl\desktop\rtr\dx11_cs3s664_tutorial_20-start\debug\dx11proj.exe
c:\users\carl\desktop\rtr\dx11_cs3s664_tutorial_20-start\debug\dx11proj.pdb
c:\users\carl\desktop\rtr\dx11_cs3s664_tutorial_20-start - part2\debug\dx11proj.ilk
c:\users\carl\desktop\rtr\dx11_cs3s664_tutorial_20-start - part2\debug\dx11proj.exe
c:\users\carl\desktop\rtr\dx11_cs3s664_tutorial_20-start - part2\debug\dx11proj.pdb
c:\users\carl\desktop\rtr\dx11_cs3s664_tutorial_20-start\debug\dx11proj.tlog\cl.command.1.tlog
c:\users\carl\desktop\rtr\dx11_cs3s664_tutorial_20-start\debug\dx11proj.tlog\cl.read.1.tlog
c:\users\carl\desktop\rtr\dx11_cs3s664_tutorial_20-start\debug\dx11proj.tlog\cl.write.1.tlog
c:\users\carl\desktop\rtr\dx11_cs3s664_tutorial_20-start\debug\dx11proj.tlog\dx11proj.write.1u.tlog
c:\users\carl\desktop\rtr\dx11_cs3s664_tutorial_20-start\debug\dx11proj.tlog\fxc.command.1.tlog
c:\users\carl\desktop\rtr\dx11_cs3s664_tutorial_20-start\debug\dx11proj.tlog\fxc.read.1.tlog
c:\users\carl\desktop\rtr\dx11_cs3s664_tutorial_20-start\debug\dx11proj.tlog\fxc.write.1.tlog
c:\users\carl\desktop\rtr\dx11_cs3s664_tutorial_20-start\debug\dx11proj.tlog\link.command.1.tlog
c:\users\carl\desktop\rtr\dx11_cs3s664_tutorial_20-start\debug\dx11proj.tlog\link.read.1.tlog
c:\users\carl\desktop\rtr\dx11_cs3s664_tutorial_20-start\debug\dx11proj.tlog\link.write.1.tlog
